mode: set
github.com/elonsoc/ods/backend/main.go:29.57,37.46 2 0
github.com/elonsoc/ods/backend/main.go:37.46,38.54 1 0
github.com/elonsoc/ods/backend/main.go:38.54,40.18 2 0
github.com/elonsoc/ods/backend/main.go:40.18,43.5 2 0
github.com/elonsoc/ods/backend/main.go:47.4,47.22 1 0
github.com/elonsoc/ods/backend/main.go:47.22,50.5 2 0
github.com/elonsoc/ods/backend/main.go:53.4,53.24 1 0
github.com/elonsoc/ods/backend/main.go:55.3,55.30 1 0
github.com/elonsoc/ods/backend/main.go:61.59,62.46 1 0
github.com/elonsoc/ods/backend/main.go:62.46,63.54 1 0
github.com/elonsoc/ods/backend/main.go:63.54,65.18 2 0
github.com/elonsoc/ods/backend/main.go:65.18,69.5 2 0
github.com/elonsoc/ods/backend/main.go:70.4,71.18 2 0
github.com/elonsoc/ods/backend/main.go:71.18,75.5 2 0
github.com/elonsoc/ods/backend/main.go:76.4,76.32 1 0
github.com/elonsoc/ods/backend/main.go:76.32,80.5 2 0
github.com/elonsoc/ods/backend/main.go:82.3,82.30 1 0
github.com/elonsoc/ods/backend/main.go:86.105,87.46 1 0
github.com/elonsoc/ods/backend/main.go:87.46,88.54 1 0
github.com/elonsoc/ods/backend/main.go:88.54,95.20 4 0
github.com/elonsoc/ods/backend/main.go:95.20,97.5 1 0
github.com/elonsoc/ods/backend/main.go:99.4,107.105 2 0
github.com/elonsoc/ods/backend/main.go:110.3,110.30 1 0
github.com/elonsoc/ods/backend/main.go:118.94,153.46 9 0
github.com/elonsoc/ods/backend/main.go:153.46,158.3 3 0
github.com/elonsoc/ods/backend/main.go:161.2,161.29 1 0
github.com/elonsoc/ods/backend/main.go:161.29,168.63 2 0
github.com/elonsoc/ods/backend/main.go:168.63,170.4 1 0
github.com/elonsoc/ods/backend/main.go:172.3,172.100 1 0
github.com/elonsoc/ods/backend/main.go:176.2,176.51 1 0
github.com/elonsoc/ods/backend/main.go:176.51,179.59 2 0
github.com/elonsoc/ods/backend/main.go:179.59,182.4 2 0
github.com/elonsoc/ods/backend/main.go:185.2,187.10 3 0
github.com/elonsoc/ods/backend/main.go:190.13,203.24 7 0
github.com/elonsoc/ods/backend/main.go:203.24,205.3 1 0
github.com/elonsoc/ods/backend/main.go:206.2,206.24 1 0
github.com/elonsoc/ods/backend/main.go:206.24,208.3 1 0
github.com/elonsoc/ods/backend/main.go:209.2,209.21 1 0
github.com/elonsoc/ods/backend/main.go:209.21,211.3 1 0
github.com/elonsoc/ods/backend/main.go:212.2,212.23 1 0
github.com/elonsoc/ods/backend/main.go:212.23,214.3 1 0
github.com/elonsoc/ods/backend/main.go:215.2,215.22 1 0
github.com/elonsoc/ods/backend/main.go:215.22,217.3 1 0
github.com/elonsoc/ods/backend/main.go:219.2,221.16 2 0
github.com/elonsoc/ods/backend/main.go:221.16,223.3 1 0
github.com/elonsoc/ods/backend/locations/v1/buildings/buildings.go:67.62,84.2 5 1
github.com/elonsoc/ods/backend/locations/v1/buildings/buildings.go:94.80,98.2 3 1
github.com/elonsoc/ods/backend/locations/v1/buildings/buildings.go:104.88,108.38 4 1
github.com/elonsoc/ods/backend/locations/v1/buildings/buildings.go:108.38,112.3 3 1
github.com/elonsoc/ods/backend/locations/v1/buildings/buildings.go:114.2,116.50 3 1
github.com/elonsoc/ods/backend/locations/v1/buildings/types.go:42.39,43.11 1 1
github.com/elonsoc/ods/backend/locations/v1/buildings/types.go:44.27,45.19 1 1
github.com/elonsoc/ods/backend/locations/v1/buildings/types.go:46.29,47.21 1 1
github.com/elonsoc/ods/backend/locations/v1/buildings/types.go:48.26,49.18 1 1
github.com/elonsoc/ods/backend/locations/v1/buildings/types.go:50.26,51.18 1 1
github.com/elonsoc/ods/backend/locations/v1/buildings/types.go:52.26,53.18 1 1
github.com/elonsoc/ods/backend/locations/v1/buildings/types.go:54.28,55.20 1 1
github.com/elonsoc/ods/backend/locations/v1/buildings/types.go:56.25,57.17 1 1
github.com/elonsoc/ods/backend/locations/v1/buildings/types.go:58.10,59.19 1 1
